[debug] [2023-02-08T05:44:03.978Z] ----------------------------------------------------------------------
[debug] [2023-02-08T05:44:03.980Z] Command:       C:\Program Files\nodejs\node.exe C:\Users\abina\AppData\Roaming\npm\node_modules\firebase-tools\lib\bin\firebase.js init
[debug] [2023-02-08T05:44:03.981Z] CLI Version:   11.22.0
[debug] [2023-02-08T05:44:03.981Z] Platform:      win32
[debug] [2023-02-08T05:44:03.981Z] Node Version:  v16.15.0
[debug] [2023-02-08T05:44:03.982Z] Time:          Wed Feb 08 2023 11:14:03 GMT+0530 (India Standard Time)
[debug] [2023-02-08T05:44:03.982Z] ----------------------------------------------------------------------
[debug] 
[debug] [2023-02-08T05:44:04.098Z] > command requires scopes: ["email","openid","https://www.googleapis.com/auth/cloudplatformprojects.readonly","https://www.googleapis.com/auth/firebase","https://www.googleapis.com/auth/cloud-platform"]
[debug] [2023-02-08T05:44:04.099Z] > authorizing via signed-in user (abinashroutssd43@gmail.com)
[info] 
     ######## #### ########  ######## ########     ###     ######  ########
     ##        ##  ##     ## ##       ##     ##  ##   ##  ##       ##
     ######    ##  ########  ######   ########  #########  ######  ######
     ##        ##  ##    ##  ##       ##     ## ##     ##       ## ##
     ##       #### ##     ## ######## ########  ##     ##  ######  ########

You're about to initialize a Firebase project in this directory:

  C:\Users\abina\OneDrive\Desktop\tinder-clone

Before we get started, keep in mind:

  * You are initializing within an existing Firebase project directory

[info] 
=== Project Setup
[info] 
[info] First, let's associate this project directory with a Firebase project.
[info] You can create multiple project aliases by running firebase use --add, 
[info] but for now we'll just set up a default project.
[info] 
[debug] [2023-02-08T05:44:17.037Z] Using project from CLI flag: tinder-clone-9514f
[debug] [2023-02-08T05:44:17.040Z] >>> [apiv2][query] GET https://firebase.googleapis.com/v1beta1/projects/tinder-clone-9514f [none]
[debug] [2023-02-08T05:44:17.849Z] <<< [apiv2][status] GET https://firebase.googleapis.com/v1beta1/projects/tinder-clone-9514f 200
[debug] [2023-02-08T05:44:17.850Z] <<< [apiv2][body] GET https://firebase.googleapis.com/v1beta1/projects/tinder-clone-9514f {"projectId":"tinder-clone-9514f","projectNumber":"640085503002","displayName":"tinder-clone","name":"projects/tinder-clone-9514f","resources":{"hostingSite":"tinder-clone-9514f"},"state":"ACTIVE","etag":"1_166ac2df-684c-45c2-b606-c6973e4925fc"}
[info] i  Using project tinder-clone-9514f (tinder-clone) 
[info] 
=== Hosting:github Setup
[info] 
[info] i  Detected a .git folder at C:\Users\abina\OneDrive\Desktop\tinder-clone 
[info] i  Authorizing with GitHub to upload your service account to a GitHub repository's secrets store. 
[info] 
[info] Visit this URL on this device to log in:
[info] https://github.com/login/oauth/authorize?client_id=89cf50f02ac6aaed3484&state=86866482&redirect_uri=http%3A%2F%2Flocalhost%3A9005&scope=read%3Auser%20repo%20public_repo
[info] 
[info] Waiting for authentication...
[debug] [2023-02-08T05:44:32.531Z] >>> [apiv2][query] POST https://github.com/login/oauth/access_token [none]
[debug] [2023-02-08T05:44:32.533Z] >>> [apiv2][body] POST https://github.com/login/oauth/access_token [stream]
[debug] [2023-02-08T05:44:33.102Z] <<< [apiv2][status] POST https://github.com/login/oauth/access_token 200
[debug] [2023-02-08T05:44:33.102Z] <<< [apiv2][body] POST https://github.com/login/oauth/access_token {"access_token":"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","token_type":"bearer","scope":"read:user,repo"}
[debug] [2023-02-08T05:44:33.121Z] >>> [apiv2][query] GET https://api.github.com/user [none]
[debug] [2023-02-08T05:44:33.796Z] <<< [apiv2][status] GET https://api.github.com/user 200
[debug] [2023-02-08T05:44:33.796Z] <<< [apiv2][body] GET https://api.github.com/user {"login":"Abinash462","id":84255812,"node_id":"MDQ6VXNlcjg0MjU1ODEy","avatar_url":"https://avatars.githubusercontent.com/u/84255812?v=4","gravatar_id":"","url":"https://api.github.com/users/Abinash462","html_url":"https://github.com/Abinash462","followers_url":"https://api.github.com/users/Abinash462/followers","following_url":"https://api.github.com/users/Abinash462/following{/other_user}","gists_url":"https://api.github.com/users/Abinash462/gists{/gist_id}","starred_url":"https://api.github.com/users/Abinash462/starred{/owner}{/repo}","subscriptions_url":"https://api.github.com/users/Abinash462/subscriptions","organizations_url":"https://api.github.com/users/Abinash462/orgs","repos_url":"https://api.github.com/users/Abinash462/repos","events_url":"https://api.github.com/users/Abinash462/events{/privacy}","received_events_url":"https://api.github.com/users/Abinash462/received_events","type":"User","site_admin":false,"name":"Abiansh Rout","company":null,"blog":"","location":null,"email":null,"hireable":null,"bio":null,"twitter_username":null,"public_repos":20,"public_gists":0,"followers":0,"following":0,"created_at":"2021-05-16T01:37:56Z","updated_at":"2023-02-08T04:39:17Z","private_gists":0,"total_private_repos":0,"owned_private_repos":0,"disk_usage":86463,"collaborators":0,"two_factor_authentication":false,"plan":{"name":"free","space":976562499,"collaborators":0,"private_repos":10000}}
[info] 
[info] +  Success! Logged into GitHub as Abinash462 
[info] 
[debug] [2023-02-08T05:45:37.633Z] >>> [apiv2][query] GET https://api.github.com/repos//actions/secrets/public-key type=owner
[debug] [2023-02-08T05:45:38.336Z] <<< [apiv2][status] GET https://api.github.com/repos//actions/secrets/public-key 404
[debug] [2023-02-08T05:45:38.338Z] <<< [apiv2][body] GET https://api.github.com/repos//actions/secrets/public-key {"message":"Not Found","documentation_url":"https://docs.github.com/rest"}
[debug] [2023-02-08T05:45:38.924Z] >>> [apiv2][query] GET https://api.github.com/repos//actions/secrets/public-key type=owner
[debug] [2023-02-08T05:45:39.446Z] <<< [apiv2][status] GET https://api.github.com/repos//actions/secrets/public-key 404
[debug] [2023-02-08T05:45:39.446Z] <<< [apiv2][body] GET https://api.github.com/repos//actions/secrets/public-key {"message":"Not Found","documentation_url":"https://docs.github.com/rest"}
[debug] [2023-02-08T05:45:51.390Z] ----------------------------------------------------------------------
[debug] [2023-02-08T05:45:51.392Z] Command:       C:\Program Files\nodejs\node.exe C:\Users\abina\AppData\Roaming\npm\node_modules\firebase-tools\lib\bin\firebase.js init
[debug] [2023-02-08T05:45:51.393Z] CLI Version:   11.22.0
[debug] [2023-02-08T05:45:51.393Z] Platform:      win32
[debug] [2023-02-08T05:45:51.393Z] Node Version:  v16.15.0
[debug] [2023-02-08T05:45:51.394Z] Time:          Wed Feb 08 2023 11:15:51 GMT+0530 (India Standard Time)
[debug] [2023-02-08T05:45:51.394Z] ----------------------------------------------------------------------
[debug] 
[debug] [2023-02-08T05:45:51.464Z] > command requires scopes: ["email","openid","https://www.googleapis.com/auth/cloudplatformprojects.readonly","https://www.googleapis.com/auth/firebase","https://www.googleapis.com/auth/cloud-platform"]
[debug] [2023-02-08T05:45:51.465Z] > authorizing via signed-in user (abinashroutssd43@gmail.com)
[info] 
     ######## #### ########  ######## ########     ###     ######  ########
     ##        ##  ##     ## ##       ##     ##  ##   ##  ##       ##
     ######    ##  ########  ######   ########  #########  ######  ######
     ##        ##  ##    ##  ##       ##     ## ##     ##       ## ##
     ##       #### ##     ## ######## ########  ##     ##  ######  ########

You're about to initialize a Firebase project in this directory:

  C:\Users\abina\OneDrive\Desktop\tinder-clone

Before we get started, keep in mind:

  * You are initializing within an existing Firebase project directory

[info] 
=== Project Setup
[info] 
[info] First, let's associate this project directory with a Firebase project.
[info] You can create multiple project aliases by running firebase use --add, 
[info] but for now we'll just set up a default project.
[info] 
[debug] [2023-02-08T05:46:11.338Z] Using project from CLI flag: tinder-clone-9514f
[debug] [2023-02-08T05:46:11.344Z] >>> [apiv2][query] GET https://firebase.googleapis.com/v1beta1/projects/tinder-clone-9514f [none]
[debug] [2023-02-08T05:46:12.426Z] <<< [apiv2][status] GET https://firebase.googleapis.com/v1beta1/projects/tinder-clone-9514f 200
[debug] [2023-02-08T05:46:12.426Z] <<< [apiv2][body] GET https://firebase.googleapis.com/v1beta1/projects/tinder-clone-9514f {"projectId":"tinder-clone-9514f","projectNumber":"640085503002","displayName":"tinder-clone","name":"projects/tinder-clone-9514f","resources":{"hostingSite":"tinder-clone-9514f"},"state":"ACTIVE","etag":"1_166ac2df-684c-45c2-b606-c6973e4925fc"}
[info] i  Using project tinder-clone-9514f (tinder-clone) 
[info] 
=== Hosting Setup
[info] 
[info] Your public directory is the folder (relative to your project directory) that
[info] will contain Hosting assets to be uploaded with firebase deploy. If you
[info] have a build process for your assets, use your build's output directory.
[info] 
[debug] [2023-02-08T05:46:29.931Z] >>> [apiv2][query] GET https://www.gstatic.com/firebasejs/releases.json [none]
[debug] [2023-02-08T05:46:30.262Z] <<< [apiv2][status] GET https://www.gstatic.com/firebasejs/releases.json 200
[debug] [2023-02-08T05:46:30.262Z] <<< [apiv2][body] GET https://www.gstatic.com/firebasejs/releases.json {"current":{"version":"9.17.1","browserURL":"https://www.gstatic.com/firebasejs/9.17.1/firebase.js","packageURL":"https://www.gstatic.com/firebasejs/9.17.1/firebase.tgz"},"live":{"version":"9.17","browserURL":"https://www.gstatic.com/firebasejs/live/9.17/firebase.js","packageURL":"https://www.gstatic.com/firebasejs/live/9.17/firebase.tgz"},"components":{"analytics":"https://www.gstatic.com/firebasejs/9.17.1/firebase-analytics.js","app":"https://www.gstatic.com/firebasejs/9.17.1/firebase-app.js","app-check":"https://www.gstatic.com/firebasejs/9.17.1/firebase-app-check.js","auth":"https://www.gstatic.com/firebasejs/9.17.1/firebase-auth.js","auth/cordova":"https://www.gstatic.com/firebasejs/9.17.1/firebase-auth/cordova.js","auth/react-native":"https://www.gstatic.com/firebasejs/9.17.1/firebase-auth/react-native.js","functions":"https://www.gstatic.com/firebasejs/9.17.1/firebase-functions.js","firestore":"https://www.gstatic.com/firebasejs/9.17.1/firebase-firestore.js","firestore/lite":"https://www.gstatic.com/firebasejs/9.17.1/firebase-firestore/lite.js","installations":"https://www.gstatic.com/firebasejs/9.17.1/firebase-installations.js","storage":"https://www.gstatic.com/firebasejs/9.17.1/firebase-storage.js","performance":"https://www.gstatic.com/firebasejs/9.17.1/firebase-performance.js","remote-config":"https://www.gstatic.com/firebasejs/9.17.1/firebase-remote-config.js","messaging":"https://www.gstatic.com/firebasejs/9.17.1/firebase-messaging.js","messaging/sw":"https://www.gstatic.com/firebasejs/9.17.1/firebase-messaging/sw.js","database":"https://www.gstatic.com/firebasejs/9.17.1/firebase-database.js","firestore.memory":"https://www.gstatic.com/firebasejs/9.17.1/firebase-firestore.memory.js"}}
[info] +  Wrote build/index.html 
[info] 
[info] i  Detected a .git folder at C:\Users\abina\OneDrive\Desktop\tinder-clone 
[info] i  Authorizing with GitHub to upload your service account to a GitHub repository's secrets store. 
[info] 
[info] Visit this URL on this device to log in:
[info] https://github.com/login/oauth/authorize?client_id=89cf50f02ac6aaed3484&state=810218156&redirect_uri=http%3A%2F%2Flocalhost%3A9005&scope=read%3Auser%20repo%20public_repo
[info] 
[info] Waiting for authentication...
[debug] [2023-02-08T05:46:31.341Z] >>> [apiv2][query] POST https://github.com/login/oauth/access_token [none]
[debug] [2023-02-08T05:46:31.342Z] >>> [apiv2][body] POST https://github.com/login/oauth/access_token [stream]
[debug] [2023-02-08T05:46:31.943Z] <<< [apiv2][status] POST https://github.com/login/oauth/access_token 200
[debug] [2023-02-08T05:46:31.943Z] <<< [apiv2][body] POST https://github.com/login/oauth/access_token {"access_token":"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","token_type":"bearer","scope":"read:user,repo"}
[debug] [2023-02-08T05:46:31.950Z] >>> [apiv2][query] GET https://api.github.com/user [none]
[debug] [2023-02-08T05:46:32.615Z] <<< [apiv2][status] GET https://api.github.com/user 200
[debug] [2023-02-08T05:46:32.615Z] <<< [apiv2][body] GET https://api.github.com/user {"login":"Abinash462","id":84255812,"node_id":"MDQ6VXNlcjg0MjU1ODEy","avatar_url":"https://avatars.githubusercontent.com/u/84255812?v=4","gravatar_id":"","url":"https://api.github.com/users/Abinash462","html_url":"https://github.com/Abinash462","followers_url":"https://api.github.com/users/Abinash462/followers","following_url":"https://api.github.com/users/Abinash462/following{/other_user}","gists_url":"https://api.github.com/users/Abinash462/gists{/gist_id}","starred_url":"https://api.github.com/users/Abinash462/starred{/owner}{/repo}","subscriptions_url":"https://api.github.com/users/Abinash462/subscriptions","organizations_url":"https://api.github.com/users/Abinash462/orgs","repos_url":"https://api.github.com/users/Abinash462/repos","events_url":"https://api.github.com/users/Abinash462/events{/privacy}","received_events_url":"https://api.github.com/users/Abinash462/received_events","type":"User","site_admin":false,"name":"Abiansh Rout","company":null,"blog":"","location":null,"email":null,"hireable":null,"bio":null,"twitter_username":null,"public_repos":20,"public_gists":0,"followers":0,"following":0,"created_at":"2021-05-16T01:37:56Z","updated_at":"2023-02-08T04:39:17Z","private_gists":0,"total_private_repos":0,"owned_private_repos":0,"disk_usage":86463,"collaborators":0,"two_factor_authentication":false,"plan":{"name":"free","space":976562499,"collaborators":0,"private_repos":10000}}
[info] 
[info] +  Success! Logged into GitHub as Abinash462 
[info] 
